[ 2017-06-18T06:49:20+08:00 ] ::1 /zhaopin42/?lnk
INFO: Cron:ClearPromotion Runat 2017-06-18 06:49:20 Use 0.220012 s 
Cron:AutoApplyJobs Runat 2017-06-18 06:49:20 Use -0.009001 s 
Cron:AutoRefreshResume Runat 2017-06-18 06:49:20 Use -0.022002 s 
Cron:AutoRefreshJobs Runat 2017-06-18 06:49:20 Use -0.029002 s 
Cron:ClearExpiredSetmeal Runat 2017-06-18 06:49:20 Use -0.032002 s 
Cron:ClearOrder Runat 2017-06-18 06:49:20 Use -0.058004 s 

[ 2017-06-18T07:03:39+08:00 ] ::1 /zhaopin42/index.php?m=admin&c=index&a=index
INFO: Cron:ClearPromotion Runat 2017-06-18 07:03:39 Use 0.032002 s 
Cron:ClearExpiredSetmeal Runat 2017-06-18 07:03:39 Use 0.000000 s 

[ 2017-06-18T07:10:00+08:00 ] ::1 /zhaopin42/index.php?m=admin&c=index&a=left_menu&menuid=194
INFO: Cron:AutoRefreshResume Runat 2017-06-18 07:10:00 Use 0.014000 s 
Cron:AutoRefreshJobs Runat 2017-06-18 07:10:00 Use 0.000000 s 

[ 2017-06-18T07:10:00+08:00 ] ::1 /zhaopin42/index.php?m=admin&c=jobs&a=index&menuid=194&child=1
INFO: Cron:AutoRefreshResume Runat 2017-06-18 07:10:00 Use 0.015001 s 
Cron:AutoRefreshJobs Runat 2017-06-18 07:10:00 Use 0.000000 s 

[ 2017-06-18T08:03:13+08:00 ] ::1 /zhaopin42/index.php?m=admin&c=index&a=left_menu&menuid=1
INFO: Cron:ClearPromotion Runat 2017-06-18 08:03:13 Use 0.027002 s 
Cron:ClearExpiredSetmeal Runat 2017-06-18 08:03:13 Use 0.000000 s 

[ 2017-06-18T08:03:13+08:00 ] ::1 /zhaopin42/index.php?m=admin&c=config&a=index&menuid=1&child=1
INFO: Cron:ClearPromotion Runat 2017-06-18 08:03:13 Use 0.029002 s 
Cron:ClearExpiredSetmeal Runat 2017-06-18 08:03:13 Use -0.001000 s 

[ 2017-06-18T08:19:50+08:00 ] ::1 /zhaopin42/index.php?m=admin&c=config&a=reg
INFO: Cron:AutoRefreshResume Runat 2017-06-18 08:19:50 Use 0.018001 s 
Cron:AutoRefreshJobs Runat 2017-06-18 08:19:50 Use 0.000000 s 

[ 2017-06-18T09:10:35+08:00 ] ::1 /zhaopin42/index.php?m=admin&c=mailconfig&a=index
INFO: Cron:ClearPromotion Runat 2017-06-18 09:10:35 Use 0.029001 s 
Cron:AutoRefreshResume Runat 2017-06-18 09:10:35 Use 0.000000 s 
Cron:AutoRefreshJobs Runat 2017-06-18 09:10:35 Use -0.005001 s 
Cron:ClearExpiredSetmeal Runat 2017-06-18 09:10:35 Use -0.007001 s 

